<?xml version="1.0" encoding="UTF-8"?>
<testsuite name="nlptools.AppTest" tests="1" skipped="0" failures="0" errors="0" timestamp="2021-01-31T10:45:35" hostname="rog-strix-g712lw" time="0.015">
  <properties/>
  <testcase name="appHasAGreeting()" classname="nlptools.AppTest" time="0.015"/>
  <system-out><![CDATA[Hello from test guts. We are running.
]]></system-out>
  <system-err><![CDATA[]]></system-err>
</testsuite>
